16:28:33 [INFO] Всего аккаунтов: 9711
16:28:33 [INFO] [1100209271] → старт обработки (mail=zzxdidj5c@coffeetimer24.com)
16:28:33 [INFO] [1100209271] 🕶 Запуск браузера в фоновом режиме (headless masked)
16:28:33 [INFO] [1091342202] → старт обработки (mail=840l6i96q0zy@thejoker5.com)
16:28:33 [INFO] [1091342202] 🕶 Запуск браузера в фоновом режиме (headless masked)
16:28:33 [INFO] [1091342024] → старт обработки (mail=asu31kgha1k87@appzily.com)
16:28:33 [INFO] [1091342024] 🕶 Запуск браузера в фоновом режиме (headless masked)
16:28:33 [INFO] [1091342103] → старт обработки (mail=bnvsf0lhui7v@crepeau12.com)
16:28:33 [INFO] [1091342103] 🕶 Запуск браузера в фоновом режиме (headless masked)
16:28:33 [INFO] [1091342370] → старт обработки (mail=f6nn0g4ooz7@happy-new-year.top)
16:28:33 [INFO] [1091342370] 🕶 Запуск браузера в фоновом режиме (headless masked)
16:28:34 [INFO] [1100209271] 🧩 Headless patch активирован
16:28:34 [INFO] [1091342202] 🧩 Headless patch активирован
16:28:34 [INFO] [1091342103] 🧩 Headless patch активирован
16:28:34 [INFO] [1091342024] 🧩 Headless patch активирован
16:28:34 [INFO] [1091342370] 🧩 Headless patch активирован
16:28:38 [INFO] [1091342103] 🔄 Cookies обновлены и сохранены в new_data1.json
16:28:39 [INFO] [1091342024] 🔄 Cookies обновлены и сохранены в new_data1.json
16:28:40 [INFO] [1091342202] 🔄 Cookies обновлены и сохранены в new_data1.json
16:28:40 [INFO] [1091342370] 🔄 Cookies обновлены и сохранены в new_data1.json
16:28:40 [INFO] [1100209271] 🔄 Cookies обновлены и сохранены в new_data1.json
16:28:43 [INFO] [1091342024] 🎯 Ответ lottery: 200 | {"data":[],"error":-3000,"status":0}
16:28:43 [INFO] [1091342024] ⚠️ Неизвестный ответ lottery: {"data":[],"error":-3000,"status":0}
16:28:44 [INFO] [1091342103] 🎯 Ответ lottery: 200 | {"data":[],"error":-3000,"status":0}
16:28:44 [INFO] [1091342103] ⚠️ Неизвестный ответ lottery: {"data":[],"error":-3000,"status":0}
16:28:44 [INFO] [1091342202] 🎯 Ответ lottery: 200 | {"data":[],"error":-3000,"status":0}
16:28:44 [INFO] [1091342202] ⚠️ Неизвестный ответ lottery: {"data":[],"error":-3000,"status":0}
16:28:45 [INFO] [1091342370] 🎯 Ответ lottery: 200 | {"data":[],"error":-3000,"status":0}
16:28:45 [INFO] [1091342370] ⚠️ Неизвестный ответ lottery: {"data":[],"error":-3000,"status":0}
16:28:45 [INFO] [1100209271] 🎯 Ответ lottery: 200 | {"data":[],"error":-3000,"status":0}
16:28:45 [INFO] [1100209271] ⚠️ Неизвестный ответ lottery: {"data":[],"error":-3000,"status":0}
16:28:47 [INFO] [1091342024] 🍪 Найдены cookies перед get_resource: ak_bmsc, ak_bmsc, PHPSESSID, gpc_sso_token, RT
16:28:47 [INFO] [1100209271] 🍪 Найдены cookies перед get_resource: RT, ak_bmsc, PHPSESSID, gpc_sso_token, locale_ln
16:28:48 [INFO] [1091342103] 🍪 Найдены cookies перед get_resource: ak_bmsc, ak_bmsc, PHPSESSID, gpc_sso_token, RT, locale_ln
16:28:48 [INFO] [1100209271] ⏱ Завершено за 15.06 сек.
16:28:48 [INFO] [1091342202] ⏱ Завершено за 15.06 сек.
16:28:48 [INFO] [1091342024] ⏱ Завершено за 15.06 сек.
16:28:48 [INFO] [1091342103] ⏱ Завершено за 15.06 сек.
16:28:48 [INFO] [1091342370] ⏱ Завершено за 15.06 сек.
16:28:48 [INFO] [1100209271] 🧹 Папка профиля удалена: data\chrome_profiles\1100209271
16:28:48 [INFO] [1091342103] 🧹 Папка профиля удалена: data\chrome_profiles\1091342103
16:28:48 [INFO] [1091342024] 🧹 Папка профиля удалена: data\chrome_profiles\1091342024
16:28:48 [INFO] [1091342370] 🧹 Папка профиля удалена: data\chrome_profiles\1091342370
16:28:48 [INFO] [1091342202] 🧹 Папка профиля удалена: data\chrome_profiles\1091342202
